<?xml version="1.0" encoding="UTF-8"?>
<SoftwareIdentity xmlns="http://standards.iso.org/iso/19770/-2/2015/schema.xsd"
    xmlns:xsi="http://www.w3.org/2001/XMLSchema-instance"
    xsi:schemaLocation="http://standards.iso.org/iso/19770/-2/2015/schema.xsd swid-schema-2015-06-08.xsd"
    name="ACME Roadrunner Management Suite Coyote Edition" 
    tagId="com.acme.rms-ce-v4-1-5-0" 
    tagVersion="0"
    version="4.1.5">
<!-- 
    <Entity
        name="The FOO Corporation"
        regid="foo.org"
        role="softwareCreator"/>
 -->
    <Entity
        name="The ACME Corporation"
        regid="acme.com"
        role="tagCreator"/>
</SoftwareIdentity>